# ****************************************                   
#                                                            
#TC_CHANNEL_DESC_5:     External Variables
#                                                            
# ****************************************                   
#                                                            
name_rd_global_array      cnc_ve_%s_[%d]_r
name_wr_global_array      cnc_ve_%s_[%d]_w
name_rd_channel_array     mc_ve_%s_[%d]_r
name_wr_channel_array     mc_ve_%s_[%d]_w
name_rd_global            cnc_ve_%s_r
name_wr_global            cnc_ve_%s_w
name_rd_channel           mc_ve_%s_r
name_wr_channel           mc_ve_%s_w
#
# var[i].name                                           <Name>
# var[i].type                                           <Datentyp>
# var[i].array_elements                                 <Arraygr??e> (default: 0)
# var[i].synchronisation                                <Kontext: TRUE=Interpolator / FALSE=Dekoder> (default: TRUE)
#
anzahl_belegt                                         10
#
var[0].name                                           measuredValue
var[0].type                                           REAL64
var[0].array_elements                                 7
#
var[1].name                                           measuringDetected
var[1].type                                           BOOLEAN
var[1].array_elements                                 7
#
var[2].name                                           triggerIsActive
var[2].type                                           BOOLEAN
var[2].synchronisation                                FALSE
#
var[3].name                                           triggerIsReadyToCheck
var[3].type                                           BOOLEAN
var[3].synchronisation                                FALSE
#
var[4].name                                           relieveMotionIsActive
var[4].type                                           BOOLEAN
var[4].synchronisation                                FALSE
#
var[5].name                                           remainingRelieveMotions
var[5].type                                           SGN16
var[5].synchronisation                                FALSE
#
var[6].name                                           positionForRelieveMotion
var[6].type                                           REAL64
var[6].array_elements                                 7
var[6].synchronisation                                FALSE
#
var[7].name                                           positionBeforeMeasuring
var[7].type                                           REAL64
var[7].array_elements                                 7
var[7].synchronisation                                FALSE
#
var[8].name                                           positionForRedeflection
var[8].type                                           REAL64
var[8].array_elements                                 7
var[8].synchronisation                                FALSE
#
var[9].name                                           toolId
var[9].type                                           SGN32
#
Ende
