c:\users\lux95\documents\mt_continuous_learning\code\mwcamsimlib\mwcamsimlib\x64\debug\mwcamsimlib.pch
c:\users\lux95\documents\mt_continuous_learning\code\mwcamsimlib\mwcamsimlib\x64\debug\vc142.pdb
c:\users\lux95\documents\mt_continuous_learning\code\mwcamsimlib\mwcamsimlib\x64\debug\vc142.idb
c:\users\lux95\documents\mt_continuous_learning\code\mwcamsimlib\mwcamsimlib\x64\debug\pch.obj
c:\users\lux95\documents\mt_continuous_learning\code\mwcamsimlib\mwcamsimlib\x64\debug\mwcamsimlib.obj
c:\users\lux95\documents\mt_continuous_learning\code\mwcamsimlib\mwcamsimlib\x64\debug\dllmain.obj
d:\master_maschinenbau\masterthesis\mt_continuous_learning\code\mwcamsimlib\mwcamsimlib\x64\debug\mwcamsimlib.pch
d:\master_maschinenbau\masterthesis\mt_continuous_learning\code\mwcamsimlib\mwcamsimlib\x64\debug\vc142.pdb
d:\master_maschinenbau\masterthesis\mt_continuous_learning\code\mwcamsimlib\mwcamsimlib\x64\debug\vc142.idb
d:\master_maschinenbau\masterthesis\mt_continuous_learning\code\mwcamsimlib\mwcamsimlib\x64\debug\pch.obj
d:\master_maschinenbau\masterthesis\mt_continuous_learning\code\mwcamsimlib\mwcamsimlib\x64\debug\dllmain.obj
d:\master_maschinenbau\masterthesis\mt_continuous_learning\code\mwcamsimlib\mwcamsimlib\x64\debug\mwcamsimlib.obj
c:\users\lux95\documents\mt_continuous_learning\code\mwcamsimlib\x64\debug\mwcamsimlib.dll
c:\users\lux95\documents\mt_continuous_learning\code\mwcamsimlib\mwcamsimlib\x64\debug\mwcamsimlib.ilk
c:\users\lux95\documents\mt_continuous_learning\code\mwcamsimlib\x64\debug\mwcamsimlib.pdb
d:\master_maschinenbau\masterthesis\mt_continuous_learning\code\mwcamsimlib\x64\debug\mwcamsimlib.dll
d:\master_maschinenbau\masterthesis\mt_continuous_learning\code\mwcamsimlib\mwcamsimlib\x64\debug\mwcamsimlib.ilk
d:\master_maschinenbau\masterthesis\mt_continuous_learning\code\mwcamsimlib\x64\debug\mwcamsimlib.pdb
d:\master_maschinenbau\masterthesis\mt_continuous_learning\code\mwcamsimlib\x64\debug\mwcamsimlib.lib
d:\master_maschinenbau\masterthesis\mt_continuous_learning\code\mwcamsimlib\x64\debug\mwcamsimlib.exp
c:\users\lux95\documents\mt_continuous_learning\code\mwcamsimlib\x64\debug\mwcamsimlib.lib
c:\users\lux95\documents\mt_continuous_learning\code\mwcamsimlib\x64\debug\mwcamsimlib.exp
c:\users\lux95\documents\mt_continuous_learning\code\mwcamsimlib\mwcamsimlib\x64\debug\mwcamsimlib.tlog\cl.command.1.tlog
c:\users\lux95\documents\mt_continuous_learning\code\mwcamsimlib\mwcamsimlib\x64\debug\mwcamsimlib.tlog\cl.read.1.tlog
c:\users\lux95\documents\mt_continuous_learning\code\mwcamsimlib\mwcamsimlib\x64\debug\mwcamsimlib.tlog\cl.write.1.tlog
c:\users\lux95\documents\mt_continuous_learning\code\mwcamsimlib\mwcamsimlib\x64\debug\mwcamsimlib.tlog\link.15372.delete.1.tlog
c:\users\lux95\documents\mt_continuous_learning\code\mwcamsimlib\mwcamsimlib\x64\debug\mwcamsimlib.tlog\link.16200.delete.1.tlog
c:\users\lux95\documents\mt_continuous_learning\code\mwcamsimlib\mwcamsimlib\x64\debug\mwcamsimlib.tlog\link.21712.delete.1.tlog
c:\users\lux95\documents\mt_continuous_learning\code\mwcamsimlib\mwcamsimlib\x64\debug\mwcamsimlib.tlog\link.28484.delete.1.tlog
c:\users\lux95\documents\mt_continuous_learning\code\mwcamsimlib\mwcamsimlib\x64\debug\mwcamsimlib.tlog\link.5016.delete.1.tlog
c:\users\lux95\documents\mt_continuous_learning\code\mwcamsimlib\mwcamsimlib\x64\debug\mwcamsimlib.tlog\link.command.1.tlog
c:\users\lux95\documents\mt_continuous_learning\code\mwcamsimlib\mwcamsimlib\x64\debug\mwcamsimlib.tlog\link.read.1.tlog
c:\users\lux95\documents\mt_continuous_learning\code\mwcamsimlib\mwcamsimlib\x64\debug\mwcamsimlib.tlog\link.write.1.tlog
c:\users\lux95\documents\mt_continuous_learning\code\mwcamsimlib\mwcamsimlib\x64\debug\mwcamsimlib.tlog\mwcamsimlib.write.1u.tlog
