  MwCamSimlib.cpp
C:\Users\Minh\Documents\Uni\MasterThesis\Project\aicom-dt\simulation\machine_learning\Code\MwCamSimLib\MwCamSimLib\MwCamSimlib.cpp(18,1): warning C4273: 'init': inconsistent dll linkage
C:\Users\Minh\Documents\Uni\MasterThesis\Project\aicom-dt\simulation\machine_learning\Code\MwCamSimLib\MwCamSimLib\MwCamSimLib.h(34,30): message : see previous definition of 'init'
C:\Users\Minh\Documents\Uni\MasterThesis\Project\aicom-dt\simulation\machine_learning\Code\MwCamSimLib\MwCamSimLib\MwCamSimlib.cpp(27,1): warning C4273: 'load_file': inconsistent dll linkage
C:\Users\Minh\Documents\Uni\MasterThesis\Project\aicom-dt\simulation\machine_learning\Code\MwCamSimLib\MwCamSimLib\MwCamSimLib.h(35,30): message : see previous definition of 'load_file'
C:\Users\Minh\Documents\Uni\MasterThesis\Project\aicom-dt\simulation\machine_learning\Code\MwCamSimLib\MwCamSimLib\MwCamSimlib.cpp(47,1): warning C4273: 'set_precision': inconsistent dll linkage
C:\Users\Minh\Documents\Uni\MasterThesis\Project\aicom-dt\simulation\machine_learning\Code\MwCamSimLib\MwCamSimLib\MwCamSimLib.h(36,30): message : see previous definition of 'set_precision'
C:\Users\Minh\Documents\Uni\MasterThesis\Project\aicom-dt\simulation\machine_learning\Code\MwCamSimLib\MwCamSimLib\MwCamSimlib.cpp(63,1): warning C4273: 'set_stock': inconsistent dll linkage
C:\Users\Minh\Documents\Uni\MasterThesis\Project\aicom-dt\simulation\machine_learning\Code\MwCamSimLib\MwCamSimLib\MwCamSimLib.h(37,30): message : see previous definition of 'set_stock'
C:\Users\Minh\Documents\Uni\MasterThesis\Project\aicom-dt\simulation\machine_learning\Code\MwCamSimLib\MwCamSimLib\MwCamSimlib.cpp(80,1): warning C4273: 'set_tool': inconsistent dll linkage
C:\Users\Minh\Documents\Uni\MasterThesis\Project\aicom-dt\simulation\machine_learning\Code\MwCamSimLib\MwCamSimLib\MwCamSimLib.h(38,30): message : see previous definition of 'set_tool'
C:\Users\Minh\Documents\Uni\MasterThesis\Project\aicom-dt\simulation\machine_learning\Code\MwCamSimLib\MwCamSimLib\MwCamSimlib.cpp(132,1): warning C4273: 'set_tool_chamfer': inconsistent dll linkage
C:\Users\Minh\Documents\Uni\MasterThesis\Project\aicom-dt\simulation\machine_learning\Code\MwCamSimLib\MwCamSimLib\MwCamSimLib.h(39,30): message : see previous definition of 'set_tool_chamfer'
C:\Users\Minh\Documents\Uni\MasterThesis\Project\aicom-dt\simulation\machine_learning\Code\MwCamSimLib\MwCamSimLib\MwCamSimlib.cpp(180,1): warning C4273: 'set_current_tool': inconsistent dll linkage
C:\Users\Minh\Documents\Uni\MasterThesis\Project\aicom-dt\simulation\machine_learning\Code\MwCamSimLib\MwCamSimLib\MwCamSimLib.h(40,30): message : see previous definition of 'set_current_tool'
C:\Users\Minh\Documents\Uni\MasterThesis\Project\aicom-dt\simulation\machine_learning\Code\MwCamSimLib\MwCamSimLib\MwCamSimlib.cpp(197,1): warning C4273: 'set_visualization': inconsistent dll linkage
C:\Users\Minh\Documents\Uni\MasterThesis\Project\aicom-dt\simulation\machine_learning\Code\MwCamSimLib\MwCamSimLib\MwCamSimLib.h(41,30): message : see previous definition of 'set_visualization'
C:\Users\Minh\Documents\Uni\MasterThesis\Project\aicom-dt\simulation\machine_learning\Code\MwCamSimLib\MwCamSimLib\MwCamSimlib.cpp(205,1): warning C4273: 'config': inconsistent dll linkage
C:\Users\Minh\Documents\Uni\MasterThesis\Project\aicom-dt\simulation\machine_learning\Code\MwCamSimLib\MwCamSimLib\MwCamSimLib.h(60,30): message : see previous definition of 'config'
C:\Users\Minh\Documents\Uni\MasterThesis\Project\aicom-dt\simulation\machine_learning\Code\MwCamSimLib\MwCamSimLib\MwCamSimlib.cpp(255,1): warning C4273: 'DoCut': inconsistent dll linkage
C:\Users\Minh\Documents\Uni\MasterThesis\Project\aicom-dt\simulation\machine_learning\Code\MwCamSimLib\MwCamSimLib\MwCamSimLib.h(43,30): message : see previous definition of 'DoCut'
C:\Users\Minh\Documents\Uni\MasterThesis\Project\aicom-dt\simulation\machine_learning\Code\MwCamSimLib\MwCamSimLib\MwCamSimlib.cpp(294,1): warning C4273: 'engagement_analysis': inconsistent dll linkage
C:\Users\Minh\Documents\Uni\MasterThesis\Project\aicom-dt\simulation\machine_learning\Code\MwCamSimLib\MwCamSimLib\MwCamSimLib.h(58,30): message : see previous definition of 'engagement_analysis'
C:\Users\Minh\Documents\Uni\MasterThesis\Project\aicom-dt\simulation\machine_learning\Code\MwCamSimLib\MwCamSimLib\MwCamSimlib.cpp(343,1): warning C4273: 'visualization': inconsistent dll linkage
C:\Users\Minh\Documents\Uni\MasterThesis\Project\aicom-dt\simulation\machine_learning\Code\MwCamSimLib\MwCamSimLib\MwCamSimLib.h(59,30): message : see previous definition of 'visualization'
C:\Users\Minh\Documents\Uni\MasterThesis\Project\aicom-dt\simulation\machine_learning\Code\MwCamSimLib\MwCamSimLib\MwCamSimlib.cpp(383,1): warning C4273: 'export_mesh': inconsistent dll linkage
C:\Users\Minh\Documents\Uni\MasterThesis\Project\aicom-dt\simulation\machine_learning\Code\MwCamSimLib\MwCamSimLib\MwCamSimLib.h(42,30): message : see previous definition of 'export_mesh'
C:\Users\Minh\Documents\Uni\MasterThesis\Project\aicom-dt\simulation\machine_learning\Code\MwCamSimLib\MwCamSimLib\MwCamSimlib.cpp(448,1): warning C4273: 'window_close': inconsistent dll linkage
C:\Users\Minh\Documents\Uni\MasterThesis\Project\aicom-dt\simulation\machine_learning\Code\MwCamSimLib\MwCamSimLib\MwCamSimLib.h(61,30): message : see previous definition of 'window_close'
  MwCamSimLib.vcxproj -> C:\Users\Minh\Documents\Uni\MasterThesis\Project\aicom-dt\simulation\machine_learning\Code\MwCamSimLib\x64\Debug\MwCamSimLib.dll
