# ****************************************
#
#TC_AXIS_COMP_DESC:    Achskompensationsdaten X-Achse
#
# ****************************************
#
kopf.achs_nr                          1
kopf.log_achs_name              X_ACHSE
#
#
kw.ssfk.interval                  20000
kw.ssfk.kw_startpos             -909000
kw.ssfk.kw_nr_max                   100
kw.ssfk.modulo                        0
kw.ssfk.res1                          0
kw.ssfk.unit                          0     /* 0:Increments 1:Metric */
kw.ssfk.bilateral                     1
#
kw.ssfk.table[0].pos                        0     /*   -90.9    */
kw.ssfk.table[1].pos                       90     /*   -88.9    */
kw.ssfk.table[2].pos                      160     /*   -86.9    */
kw.ssfk.table[3].pos                      180     /*   -84.9    */
kw.ssfk.table[4].pos                      210     /*   -82.9    */
kw.ssfk.table[5].pos                      140     /*   -80.9    */
kw.ssfk.table[6].pos                      100     /*   -78.9    */
kw.ssfk.table[7].pos                       90     /*   -76.9    */
kw.ssfk.table[8].pos                       70     /*   -74.9    */
kw.ssfk.table[9].pos                       30     /*   -72.9    */
kw.ssfk.table[10].pos                     -80     /*   -70.9    */
kw.ssfk.table[11].pos                    -140     /*   -68.9    */
kw.ssfk.table[12].pos                    -190     /*   -66.9    */
kw.ssfk.table[13].pos                    -210     /*   -64.9    */
kw.ssfk.table[14].pos                    -160     /*   -62.9    */
kw.ssfk.table[15].pos                    -140     /*   -60.9    */
kw.ssfk.table[16].pos                     -90     /*   -58.9    */
kw.ssfk.table[17].pos                     -60     /*   -56.9    */
kw.ssfk.table[18].pos                     -20     /*   -54.9    */
kw.ssfk.table[19].pos                     -10     /*   -52.9    */
#
kw.ssfk.table[20].pos                      30     /*   -50.9    */
kw.ssfk.table[21].pos                      90     /*   -48.9    */
kw.ssfk.table[22].pos                     160     /*   -46.9    */
kw.ssfk.table[23].pos                     180     /*   -44.9    */
kw.ssfk.table[24].pos                     210     /*   -42.9    */
kw.ssfk.table[25].pos                     140     /*   -40.9    */
kw.ssfk.table[26].pos                     100     /*   -38.9    */
kw.ssfk.table[27].pos                      90     /*   -36.9    */
kw.ssfk.table[28].pos                      70     /*   -34.9    */
kw.ssfk.table[29].pos                      30     /*   -32.9    */
kw.ssfk.table[30].pos                     -80     /*   -30.9    */
kw.ssfk.table[31].pos                    -140     /*   -28.9    */
kw.ssfk.table[32].pos                    -190     /*   -26.9    */
kw.ssfk.table[33].pos                    -210     /*   -24.9    */
kw.ssfk.table[34].pos                    -160     /*   -22.9    */
kw.ssfk.table[35].pos                    -140     /*   -20.9    */
kw.ssfk.table[36].pos                     -90     /*   -18.9    */
kw.ssfk.table[37].pos                     -60     /*   -16.9    */
kw.ssfk.table[38].pos                     -20     /*   -14.9    */
kw.ssfk.table[39].pos                     -10     /*   -12.9    */
#
kw.ssfk.table[40].pos                      30     /*   -10.9    */
kw.ssfk.table[41].pos                      90     /*    -8.9    */
kw.ssfk.table[42].pos                     160     /*    -6.9    */
kw.ssfk.table[43].pos                     180     /*    -4.9    */
kw.ssfk.table[44].pos                     210     /*    -2.9    */
kw.ssfk.table[45].pos                     140     /*    -0.9    */
kw.ssfk.table[46].pos                     100     /*     1.1    */
kw.ssfk.table[47].pos                      90     /*     3.1    */
kw.ssfk.table[48].pos                      70     /*     5.1    */
kw.ssfk.table[49].pos                      30     /*     7.1    */
kw.ssfk.table[50].pos                     -80     /*     9.1    */
kw.ssfk.table[51].pos                    -140     /*    11.1    */
kw.ssfk.table[52].pos                    -190     /*    13.1    */
kw.ssfk.table[53].pos                    -210     /*    15.1    */
kw.ssfk.table[54].pos                    -160     /*    17.1    */
kw.ssfk.table[55].pos                    -140     /*    19.1    */
kw.ssfk.table[56].pos                     -90     /*    21.1    */
kw.ssfk.table[57].pos                     -60     /*    23.1    */
kw.ssfk.table[58].pos                     -20     /*    25.1    */
kw.ssfk.table[59].pos                     -10     /*    27.1    */
#
kw.ssfk.table[60].pos                      30     /*    29.1    */
kw.ssfk.table[61].pos                      90     /*    31.1    */
kw.ssfk.table[62].pos                     160     /*    33.1    */
kw.ssfk.table[63].pos                     180     /*    35.1    */
kw.ssfk.table[64].pos                     210     /*    37.1    */
kw.ssfk.table[65].pos                     140     /*    39.1    */
kw.ssfk.table[66].pos                     100     /*    41.1    */
kw.ssfk.table[67].pos                      90     /*    43.1    */
kw.ssfk.table[68].pos                      70     /*    45.1    */
kw.ssfk.table[69].pos                      30     /*    47.1    */
kw.ssfk.table[70].pos                     -80     /*    49.1    */
kw.ssfk.table[71].pos                    -140     /*    51.1    */
kw.ssfk.table[72].pos                    -190     /*    53.1    */
kw.ssfk.table[73].pos                    -210     /*    55.1    */
kw.ssfk.table[74].pos                    -160     /*    57.1    */
kw.ssfk.table[75].pos                    -140     /*    59.1    */
kw.ssfk.table[76].pos                     -90     /*    61.1    */
kw.ssfk.table[77].pos                     -60     /*    63.1    */
kw.ssfk.table[78].pos                     -20     /*    65.1    */
kw.ssfk.table[79].pos                     -10     /*    67.1    */
#
kw.ssfk.table[80].pos                      30     /*    69.1    */
kw.ssfk.table[81].pos                      90     /*    71.1    */
kw.ssfk.table[82].pos                     160     /*    73.1    */
kw.ssfk.table[83].pos                     180     /*    75.1    */
kw.ssfk.table[84].pos                     210     /*    77.1    */
kw.ssfk.table[85].pos                     140     /*    79.1    */
kw.ssfk.table[86].pos                     100     /*    81.1    */
kw.ssfk.table[87].pos                      90     /*    83.1    */
kw.ssfk.table[88].pos                      70     /*    85.1    */
kw.ssfk.table[89].pos                      30     /*    87.1    */
kw.ssfk.table[90].pos                     -80     /*    89.1    */
kw.ssfk.table[91].pos                    -140     /*    91.1    */
kw.ssfk.table[92].pos                    -190     /*    93.1    */
kw.ssfk.table[93].pos                    -210     /*    95.1    */
kw.ssfk.table[94].pos                    -160     /*    97.1    */
kw.ssfk.table[95].pos                    -140     /*    99.1    */
kw.ssfk.table[96].pos                     -90     /*   101.1    */
kw.ssfk.table[97].pos                     -60     /*   103.1    */
kw.ssfk.table[98].pos                     -20     /*   105.1    */
kw.ssfk.table[99].pos                     -10     /*   107.1    */
#
kw.ssfk.table[0].neg                        0     /*   -90.9    */
kw.ssfk.table[1].neg                       80     /*   -88.9    */
kw.ssfk.table[2].neg                      170     /*   -86.9    */
kw.ssfk.table[3].neg                      175     /*   -84.9    */
kw.ssfk.table[4].neg                      218     /*   -82.9    */
kw.ssfk.table[5].neg                      156     /*   -80.9    */
kw.ssfk.table[6].neg                      110     /*   -78.9    */
kw.ssfk.table[7].neg                       90     /*   -76.9    */
kw.ssfk.table[8].neg                       70     /*   -74.9    */
kw.ssfk.table[9].neg                       40     /*   -72.9    */
kw.ssfk.table[10].neg                     -90     /*   -70.9    */
kw.ssfk.table[11].neg                    -131     /*   -68.9    */
kw.ssfk.table[12].neg                    -205     /*   -66.9    */
kw.ssfk.table[13].neg                    -200     /*   -64.9    */
kw.ssfk.table[14].neg                    -145     /*   -62.9    */
kw.ssfk.table[15].neg                    -145     /*   -60.9    */
kw.ssfk.table[16].neg                     -70     /*   -58.9    */
kw.ssfk.table[17].neg                     -50     /*   -56.9    */
kw.ssfk.table[18].neg                     -30     /*   -54.9    */
kw.ssfk.table[19].neg                     -15     /*   -52.9    */
#
kw.ssfk.table[20].neg                      20     /*   -50.9    */
kw.ssfk.table[21].neg                      80     /*   -48.9    */
kw.ssfk.table[22].neg                     170     /*   -46.9    */
kw.ssfk.table[23].neg                     175     /*   -44.9    */
kw.ssfk.table[24].neg                     218     /*   -42.9    */
kw.ssfk.table[25].neg                     156     /*   -40.9    */
kw.ssfk.table[26].neg                     110     /*   -38.9    */
kw.ssfk.table[27].neg                      90     /*   -36.9    */
kw.ssfk.table[28].neg                      70     /*   -34.9    */
kw.ssfk.table[29].neg                      40     /*   -32.9    */
kw.ssfk.table[30].neg                     -90     /*   -30.9    */
kw.ssfk.table[31].neg                    -131     /*   -28.9    */
kw.ssfk.table[32].neg                    -205     /*   -26.9    */
kw.ssfk.table[33].neg                    -200     /*   -24.9    */
kw.ssfk.table[34].neg                    -145     /*   -22.9    */
kw.ssfk.table[35].neg                    -145     /*   -20.9    */
kw.ssfk.table[36].neg                     -70     /*   -18.9    */
kw.ssfk.table[37].neg                     -50     /*   -16.9    */
kw.ssfk.table[38].neg                     -30     /*   -14.9    */
kw.ssfk.table[39].neg                     -15     /*   -12.9    */
#
kw.ssfk.table[40].neg                      20     /*   -10.9    */
kw.ssfk.table[41].neg                      80     /*    -8.9    */
kw.ssfk.table[42].neg                     170     /*    -6.9    */
kw.ssfk.table[43].neg                     175     /*    -4.9    */
kw.ssfk.table[44].neg                     218     /*    -2.9    */
kw.ssfk.table[45].neg                     156     /*    -0.9    */
kw.ssfk.table[46].neg                     110     /*     1.1    */
kw.ssfk.table[47].neg                      90     /*     3.1    */
kw.ssfk.table[48].neg                      70     /*     5.1    */
kw.ssfk.table[49].neg                      40     /*     7.1    */
kw.ssfk.table[50].neg                     -90     /*     9.1    */
kw.ssfk.table[51].neg                    -131     /*    11.1    */
kw.ssfk.table[52].neg                    -205     /*    13.1    */
kw.ssfk.table[53].neg                    -200     /*    15.1    */
kw.ssfk.table[54].neg                    -145     /*    17.1    */
kw.ssfk.table[55].neg                    -145     /*    19.1    */
kw.ssfk.table[56].neg                     -70     /*    21.1    */
kw.ssfk.table[57].neg                     -50     /*    23.1    */
kw.ssfk.table[58].neg                     -30     /*    25.1    */
kw.ssfk.table[59].neg                     -15     /*    27.1    */
#
kw.ssfk.table[60].neg                      20     /*    29.1    */
kw.ssfk.table[61].neg                      80     /*    31.1    */
kw.ssfk.table[62].neg                     170     /*    33.1    */
kw.ssfk.table[63].neg                     175     /*    35.1    */
kw.ssfk.table[64].neg                     218     /*    37.1    */
kw.ssfk.table[65].neg                     156     /*    39.1    */
kw.ssfk.table[66].neg                     110     /*    41.1    */
kw.ssfk.table[67].neg                      90     /*    43.1    */
kw.ssfk.table[68].neg                      70     /*    45.1    */
kw.ssfk.table[69].neg                      40     /*    47.1    */
kw.ssfk.table[70].neg                     -90     /*    49.1    */
kw.ssfk.table[71].neg                    -131     /*    51.1    */
kw.ssfk.table[72].neg                    -205     /*    53.1    */
kw.ssfk.table[73].neg                    -200     /*    55.1    */
kw.ssfk.table[74].neg                    -145     /*    57.1    */
kw.ssfk.table[75].neg                    -145     /*    59.1    */
kw.ssfk.table[76].neg                     -70     /*    61.1    */
kw.ssfk.table[77].neg                     -50     /*    63.1    */
kw.ssfk.table[78].neg                     -30     /*    65.1    */
kw.ssfk.table[79].neg                     -15     /*    67.1    */
#
kw.ssfk.table[80].neg                      20     /*    69.1    */
kw.ssfk.table[81].neg                      80     /*    71.1    */
kw.ssfk.table[82].neg                     170     /*    73.1    */
kw.ssfk.table[83].neg                     175     /*    75.1    */
kw.ssfk.table[84].neg                     218     /*    77.1    */
kw.ssfk.table[85].neg                     156     /*    79.1    */
kw.ssfk.table[86].neg                     110     /*    81.1    */
kw.ssfk.table[87].neg                      90     /*    83.1    */
kw.ssfk.table[88].neg                      70     /*    85.1    */
kw.ssfk.table[89].neg                      40     /*    87.1    */
kw.ssfk.table[90].neg                     -90     /*    89.1    */
kw.ssfk.table[91].neg                    -131     /*    91.1    */
kw.ssfk.table[92].neg                    -205     /*    93.1    */
kw.ssfk.table[93].neg                    -200     /*    95.1    */
kw.ssfk.table[94].neg                    -145     /*    97.1    */
kw.ssfk.table[95].neg                    -145     /*    99.1    */
kw.ssfk.table[96].neg                     -70     /*   101.1    */
kw.ssfk.table[97].neg                     -50     /*   103.1    */
kw.ssfk.table[98].neg                     -30     /*   105.1    */
kw.ssfk.table[99].neg                     -15     /*   107.1    */
#
Ende

