# ****************************************                   
#                                                            
#TC_CHANNEL_DESC_5:     Externe Variablen
#                                                            
# ****************************************                   
#                                                            
name_rd_global_array      cnc_ve_%s_[%d]_r
name_wr_global_array      cnc_ve_%s_[%d]_w
name_rd_channel_array     mc_ve_%s_[%d]_r
name_wr_channel_array     mc_ve_%s_[%d]_w
name_rd_global            cnc_ve_%s_r
name_wr_global            cnc_ve_%s_w
name_rd_channel           mc_ve_%s_r
name_wr_channel           mc_ve_%s_w
#                                                            
anzahl_belegt                                         18
#                                                            
var[0].name                                           VAR_BOOL
var[0].index                                          0
var[0].type                                           BOOLEAN
var[0].scope                                          CHANNEL
var[0].synchronisation                                FALSE
var[0].access_rights                                  READ_WRITE
var[0].array_size                                     0
var[0].size                                           0
var[0].create_hmi_interface                           0
#
var[1].name                                           VAR_SGN08
var[1].index                                          1
var[1].type                                           SGN08
var[1].scope                                          CHANNEL
var[1].synchronisation                                FALSE
var[1].access_rights                                  READ_WRITE
var[1].array_size                                     0
var[1].size                                           0 
var[1].create_hmi_interface                           0
#                                                            
var[2].name                                           VAR_UNS08
var[2].index                                          2
var[2].type                                           UNS08
var[2].scope                                          CHANNEL
var[2].synchronisation                                FALSE
var[2].access_rights                                  READ_WRITE
var[2].array_size                                     0
var[2].size                                           0
var[2].create_hmi_interface                           0
#
var[3].name                                           VAR_SGN16
var[3].index                                          3
var[3].type                                           SGN16
var[3].scope                                          CHANNEL
var[3].synchronisation                                FALSE
var[3].access_rights                                  READ_WRITE
var[3].array_size                                     0
var[3].size                                           0 
var[3].create_hmi_interface                           0
#                                                            
var[4].name                                           VAR_UNS16
var[4].index                                          4
var[4].type                                           UNS16
var[4].scope                                          CHANNEL
var[4].synchronisation                                FALSE
var[4].access_rights                                  READ_WRITE
var[4].array_size                                     0
var[4].size                                           0
var[4].create_hmi_interface                           0
#
var[5].name                                           VAR_SGN32
var[5].index                                          5
var[5].type                                           SGN32
var[5].scope                                          CHANNEL
var[5].synchronisation                                FALSE
var[5].access_rights                                  READ_WRITE
var[5].array_size                                     0
var[5].size                                           0 
var[5].create_hmi_interface                           0
#                                                            
var[6].name                                           VAR_UNS32
var[6].index                                          6
var[6].type                                           UNS32
var[6].scope                                          CHANNEL
var[6].synchronisation                                FALSE
var[6].access_rights                                  READ_WRITE
var[6].array_size                                     0
var[6].size                                           0
var[6].create_hmi_interface                           0
#
var[7].name                                           VAR_FLOAT
var[7].index                                          7
var[7].type                                           REAL64
var[7].scope                                          CHANNEL
var[7].synchronisation                                FALSE
var[7].access_rights                                  READ_WRITE
var[7].array_size                                     0
var[7].size                                           0 
var[7].create_hmi_interface                           0
#                                                            
var[8].name                                           VAR_STRING
var[8].index                                          8
var[8].type                                           STRING
var[8].scope                                          CHANNEL
var[8].synchronisation                                FALSE
var[8].access_rights                                  READ_WRITE
var[8].array_size                                     0
var[8].size                                           0
var[8].create_hmi_interface                           0
#
var[9].name                                           VAR_BOOL_ARRAY
var[9].index                                          9
var[9].type                                           BOOLEAN
var[9].scope                                          CHANNEL
var[9].synchronisation                                FALSE
var[9].access_rights                                  READ_WRITE
var[9].array_size                                     4
var[9].size                                           4
var[9].create_hmi_interface                           0
#
var[10].name                                           VAR_SGN08_ARRAY
var[10].index                                          10
var[10].type                                           SGN08
var[10].scope                                          CHANNEL
var[10].synchronisation                                FALSE
var[10].access_rights                                  READ_WRITE
var[10].array_size                                     4
var[10].size                                           4 
var[10].create_hmi_interface                           0
#                                                            
var[11].name                                           VAR_UNS08_ARRAY
var[11].index                                          11
var[11].type                                           UNS08
var[11].scope                                          CHANNEL
var[11].synchronisation                                FALSE
var[11].access_rights                                  READ_WRITE
var[11].array_size                                     4
var[11].size                                           4
var[11].create_hmi_interface                           0
#
var[12].name                                           VAR_SGN16_ARRAY
var[12].index                                          12
var[12].type                                           SGN16
var[12].scope                                          CHANNEL
var[12].synchronisation                                FALSE
var[12].access_rights                                  READ_WRITE
var[12].array_size                                     4
var[12].size                                           4 
var[12].create_hmi_interface                           0
#                                                            
var[13].name                                           VAR_UNS16_ARRAY
var[13].index                                          13
var[13].type                                           UNS16
var[13].scope                                          CHANNEL
var[13].synchronisation                                FALSE
var[13].access_rights                                  READ_WRITE
var[13].array_size                                     4
var[13].size                                           4
var[13].create_hmi_interface                           0
#
var[14].name                                           VAR_SGN32_ARRAY
var[14].index                                          14
var[14].type                                           SGN32
var[14].scope                                          CHANNEL
var[14].synchronisation                                FALSE
var[14].access_rights                                  READ_WRITE
var[14].array_size                                     4
var[14].size                                           4 
var[14].create_hmi_interface                           0
#                                                            
var[15].name                                           VAR_UNS32_ARRAY
var[15].index                                          15
var[15].type                                           UNS32
var[15].scope                                          CHANNEL
var[15].synchronisation                                FALSE
var[15].access_rights                                  READ_WRITE
var[15].array_size                                     4
var[15].size                                           4
var[15].create_hmi_interface                           0
#
var[16].name                                           VAR_FLOAT_ARRAY
var[16].index                                          16
var[16].type                                           REAL64
var[16].scope                                          CHANNEL
var[16].synchronisation                                FALSE
var[16].access_rights                                  READ_WRITE
var[16].array_size                                     4
var[16].size                                           8 
var[16].create_hmi_interface                           0
#                                                            
var[17].name                                           VAR_STRING_ARRAY
var[17].index                                          18
var[17].type                                           STRING
var[17].scope                                          CHANNEL
var[17].synchronisation                                FALSE
var[17].access_rights                                  READ_WRITE
var[17].array_size                                     4
var[17].size                                           0
var[17].create_hmi_interface                           0
#
Ende                                                         

