# ****************************************
#
#TC_DEFAULT_MANUAL_DESC:    Manual_MDS-Parameter
#
# ****************************************
#
feedhold.hr_inkr_verwerfen                            1         # Handrad-Inkr.    waehrend Feedhold nicht verwerfen 
feedhold.jog_inkr_verwerfen                           1         # Jogbetrieb-Inkr. waehrend Feedhold nicht verwerfen
#
hr_anzahl                                             1         # Anzahl der Handraeder
#
hr_data[0].log_hr_nr                                  1         # log. Handradnummer
hr_data[0].hr_aufl_z                                  1         # Handradaufloesung in Inkr./Umdr. - Zaehler
hr_data[0].hr_aufl_n                                  1         # Handradaufloesung in Inkr./Umdr. - Nenner
hr_data[0].hr_zaehler_direct_access                   0         # Handradzaehleradresse liegt auf HW (=1) oder HLI (=0)
hr_data[0].adr_hr_zaehler                             0x0       # Handradzaehleradresse (bei HW) bzw Index im HLI-Array
hr_data[0].max_inkr_pro_takt                          100000    # Max. Anzahl der Inkr./Takt
#
#
#
tasten_anzahl                                         6         # Anzahl Tipptastenpaare      
#
tasten_data[0].log_tasten_nr                          1         # log. Tipptastenpaarnummer
tasten_data[1].log_tasten_nr                          2         # log. Tipptastenpaarnummer
tasten_data[2].log_tasten_nr                          3         # log. Tipptastenpaarnummer
tasten_data[3].log_tasten_nr                          4         # log. Tipptastenpaarnummer
tasten_data[4].log_tasten_nr                          5         # log. Tipptastenpaarnummer
tasten_data[5].log_tasten_nr                          6         # log. Tipptastenpaarnummer
#
Ende
