# ****************************************
#
#TC_CHANNEL_DESC_1: Channel parameter
#
# ****************************************
#
# Spindle data
# ==================================
spdl_anzahl                                           1             ( P-CHAN-00082 : Entire number of spindles related to the channel
#
#cax_face_id                                           1             ( P-CHAN-00008 : Machine type for facing
#
#default_ax_name_of_spindle                            C1            ( P-CHAN-00010 : Name of the spindle axis within a path compound 
#
main_spindle_ax_nr                                    8             ( P-CHAN-00051 : Logical axis number of the main spindle after startup
main_spindle_name                                     S             ( P-CHAN-00053 : Name of the main spindle after startup
#main_spindle_gear_change                              0             ( P-CHAN-00052 : Enabling of mechanical gear change for main spindle (0: off)
#spindle_m_fct_free                                    0             ( P-CHAN-00098 : Switching of the meaning of M functions M3/M4/M5/M19
#
spindel[0].bezeichnung                                S1            ( P-CHAN-00007 : Default and alternative spindle name 
spindel[0].log_achs_nr                                8             ( P-CHAN-00036 : Logical axis number of the spindle
spindel[0].plc_control                                0             ( P-CHAN-00069 : Spindle is PLC controlled (0: off)
 spindel[0].s_synch                                    0x00004000    ( P-CHAN-00081 : MVS_SLM for S command  
 spindel[0].m3_synch                                   0x00004000    ( P-CHAN-00045 : MVS_SLM for M3  
 spindel[0].m4_synch                                   0x00004000    ( P-CHAN-00047 : MVS_SLM for M4 
 spindel[0].m5_synch                                   0x00008000    ( P-CHAN-00049 : MVS_SLP for M5  
 spindel[0].m19_synch                                  0x00000002    ( P-CHAN-00043 : MVS_SVS for M19  
spindel[0].s_prozess_zeit                             0             ( P-CHAN-00080 : [0.1us] Process time of S command (for simulation)
spindel[0].m3_prozess_zeit                            0             ( P-CHAN-00044 : [0.1us] Process time of M3 (for simulation)
spindel[0].m4_prozess_zeit                            0             ( P-CHAN-00046 : [0.1us] Process time of M4 (for simulation)
spindel[0].m5_prozess_zeit                            0             ( P-CHAN-00048 : [0.1us] Process time of M5 (for simulation)
spindel[0].m19_prozess_zeit                           0             ( P-CHAN-00042 : [0.1us] Process time of M19 (for simulation)
#
# Settings for spindle gears
# ==================================
#spindel[0].range_way                                  0             ( P-CHAN-00074 : Direction of range selection (0:bottom up, 1:top down)
#spindel[0].autom_range                                1             ( P-CHAN-00004 : Automatic range selection by NC control (0: off, 1: on)
#
#spindel[0].range_table[0].min_speed                   0             ( P-CHAN-00058 : Minimum spindle speed of range 0 (M40)
#spindel[0].range_table[0].max_speed                   560           ( P-CHAN-00055 : Maximum spindle speed of range 0 (M40)
#spindel[0].range_table[1].min_speed                   400           ( P-CHAN-00058 : Minimum spindle speed of range 1 (M41)
#spindel[0].range_table[1].max_speed                   800           ( P-CHAN-00055 : Maximum spindle speed of range 1 (M41)
#spindel[0].range_table[2].min_speed                   700           ( P-CHAN-00058 : Minimum spindle speed of range 2 (M42)
#spindel[0].range_table[2].max_speed                   3360          ( P-CHAN-00055 : Maximum spindle speed of range 2 (M42)
#spindel[0].range_table[3].min_speed                   3361          ( P-CHAN-00058 : Minimum spindle speed of range 3 (M43)
#spindel[0].range_table[3].max_speed                   4000          ( P-CHAN-00055 : Maximum spindle speed of range 3 (M43)
#spindel[0].range_table[4].min_speed                   0             ( P-CHAN-00058 : Minimum spindle speed of range 4 (M44, here not used)
#spindel[0].range_table[4].max_speed                   0             ( P-CHAN-00055 : Maximum spindle speed of range 4 (M44, here not used)
#spindel[0].range_table[5].min_speed                   0             ( P-CHAN-00058 : Minimum spindle speed of range 5 (M45, here not used)
#spindel[0].range_table[5].max_speed                   0             ( P-CHAN-00055 : Maximum spindle speed of range 5 (M45, here not used)
#
#
# Definition of default axes group
# ==================================
grp_anzahl                                            1             ( P-CHAN-00023 : Number of axes groups (always 1)
#feed_to_weakest_axis                                  1             ( P-CHAN-00096 : Switching the default feed axis (1: Weakest axis is default feed axis)  
#
gruppe[0].bezeichnung IPO_1
gruppe[0].achs_anzahl 4
gruppe[0].achse[0].log_achs_nr       1
gruppe[0].achse[0].bezeichnung       X
gruppe[0].achse[0].default_feed_axis 1
gruppe[0].achse[1].log_achs_nr       2
gruppe[0].achse[1].bezeichnung       Y
gruppe[0].achse[1].default_feed_axis 1
gruppe[0].achse[2].log_achs_nr       3
gruppe[0].achse[2].bezeichnung       Z
gruppe[0].achse[2].default_feed_axis 1
gruppe[0].achse[3].log_achs_nr       4
gruppe[0].achse[3].bezeichnung       A
gruppe[0].achse[3].default_feed_axis 1
#
#
#
#
#
#
# Examples for pre-definitions of axes links for synchronous operation
# ====================================================================
#synchro_data.koppel_gruppe[0].paar[0].log_achs_nr_slave    4       ( P-CHAN-00038 : Logical axis number of the slave axis of the first axes pair
#synchro_data.koppel_gruppe[0].paar[0].log_achs_nr_master   1       ( P-CHAN-00037 : Logical axis number of the master axis of the first axes pair
#synchro_data.koppel_gruppe[0].paar[0].mode                 0       ( P-CHAN-00061 : Link mode of the first axes pair (0: AXIS_LINK, 1: SPDL_LINK)
#synchro_data.koppel_gruppe[0].paar[1].log_achs_nr_slave    5       ( P-CHAN-00038 : Logical axis number of the slave axis of the second axes pair 
#synchro_data.koppel_gruppe[0].paar[1].log_achs_nr_master   2       ( P-CHAN-00037 : Logical axis number of the master axis of the second axes pair
#synchro_data.koppel_gruppe[0].paar[1].mode                 0       ( P-CHAN-00061 : Link mode of the second axes pair (0: AXIS_LINK, 1: SPDL_LINK)     
#synchro_data.restore_coupling_after_reset                  0       ( P-CHAN-00104 : Restore active axes couplings after reset in next NC program
#synchro_data.preserve_coupling_after_prog_end              0       ( P-CHAN-00105 : Preserve active axes couplings after program end in next NC program
#
#log_number_tracking_axis                                   4       ( P-CHAN-00095 : Logical axis number of the tracking axis for C axis tracking
#
# Pre-definitions of possible NC program names for implicit calls 
# ====================================================================
#start_init_prog_file                      start_init.nc             ( P-CHAN-00119 : Name of a sub program implicitly called at program start  
#
#m6_prog_file                             tool_change.nc             ( P-CHAN-00118 : Name of a sub program implicitly called at M6              
#
#g80_prog_file                                G80_PRG.nc             ( P-CHAN-00160 : Name of a sub program implicitly called at G80
#g81_prog_file                                G81_PRG.nc             ( P-CHAN-00161 : Name of a sub program implicitly called at G81
#g82_prog_file                                G82_PRG.nc             ( P-CHAN-00162 : Name of a sub program implicitly called at G82
#g83_prog_file                                G83_PRG.nc             ( P-CHAN-00163 : Name of a sub program implicitly called at G83
#g84_prog_file                                G84_PRG.nc             ( P-CHAN-00164 : Name of a sub program implicitly called at G84
#g85_prog_file                                G85_PRG.nc             ( P-CHAN-00165 : Name of a sub program implicitly called at G85
#g86_prog_file                                G86_PRG.nc             ( P-CHAN-00166 : Name of a sub program implicitly called at G86
#g87_prog_file                                G87_PRG.nc             ( P-CHAN-00167 : Name of a sub program implicitly called at G87
#g88_prog_file                                G88_PRG.nc             ( P-CHAN-00168 : Name of a sub program implicitly called at G88
#g89_prog_file                                G89_PRG.nc             ( P-CHAN-00169 : Name of a sub program implicitly called at G89
#
# Definitions via P-CHAN-00187:
# Additional implicit sub program calls at G800-G819 
# ====================================================================
#g800_prog_file[0]                           G800_PRG.nc             ( Name of a sub program implicitly called at G800
#g800_prog_file[1]                           G801_PRG.nc             ( Name of a sub program implicitly called at G801
#g800_prog_file[2]                           G802_PRG.nc             ( Name of a sub program implicitly called at G802 
#g800_prog_file[3]                           G803_PRG.nc             ( Name of a sub program implicitly called at G803  
#g800_prog_file[4]                           G804_PRG.nc             ( Name of a sub program implicitly called at G804
#g800_prog_file[5]                           G805_PRG.nc             ( Name of a sub program implicitly called at G805  
#g800_prog_file[6]                           G806_PRG.nc             ( Name of a sub program implicitly called at G806  
#g800_prog_file[7]                           G807_PRG.nc             ( Name of a sub program implicitly called at G807  
#g800_prog_file[8]                           G808_PRG.nc             ( Name of a sub program implicitly called at G808  
#g800_prog_file[9]                           G809_PRG.nc             ( Name of a sub program implicitly called at G809 
#g800_prog_file[10]                          G810_PRG.nc             ( Name of a sub program implicitly called at G810  
#g800_prog_file[11]                          G811_PRG.nc             ( Name of a sub program implicitly called at G811 
#g800_prog_file[12]                          G812_PRG.nc             ( Name of a sub program implicitly called at G812  
#g800_prog_file[13]                          G813_PRG.nc             ( Name of a sub program implicitly called at G813 
#g800_prog_file[14]                          G814_PRG.nc             ( Name of a sub program implicitly called at G814 
#g800_prog_file[15]                          G815_PRG.nc             ( Name of a sub program implicitly called at G815 
#g800_prog_file[16]                          G816_PRG.nc             ( Name of a sub program implicitly called at G816 
#g800_prog_file[17]                          G817_PRG.nc             ( Name of a sub program implicitly called at G817  
#g800_prog_file[18]                          G818_PRG.nc             ( Name of a sub program implicitly called at G818  
#g800_prog_file[19]                          G819_PRG.nc             ( Name of a sub program implicitly called at G819
#
#============================================================================
#============================================================================
#============================================================================
#============================================================================
# The following data are initialized together 
# in the default list for all channels. 
#============================================================================
#============================================================================
#============================================================================
#============================================================================
#
#
# M-Functions and synchronization types
# ====================================================================
m_synch[0]                                  0x00000002     MVS_SVS
m_synch[1]                                  0x00000001     MOS
m_synch[2]                                  0x00000002     MVS_SVS
m_synch[6]                                  0x00000002     MVS_SVS
m_synch[7]                                  0x00000002     MVS_SVS
m_synch[8]                                  0x00000002     MVS_SVS
m_synch[9]                                  0x00000002     MVS_SVS
m_synch[10]                                 MOS
m_synch[11]                                 MOS
m_synch[12]                                 MOS
m_synch[13]                                 MOS
m_synch[14]                                 MOS
m_synch[15]                                 MOS
m_synch[16]                                 MOS
m_synch[17]                                 0x00000002     MVS_SVS
m_synch[18]                                 MOS
m_synch[29]                                 0x00000004     MVS_SNS
m_synch[40]                                 MVS_SVS
m_synch[41]                                 MVS_SVS
m_synch[42]                                 0x00000002     MVS_SVS
m_synch[43]                                 0x00000002     MVS_SVS
m_synch[44]                                 0x00000002     MVS_SVS
m_synch[45]                                 0x00000002     MVS_SVS
#
m_synch[20]                                  MOS
m_synch[21]                                  MOS
m_synch[22]                                  MOS
m_synch[23]                                  MOS
#
m_synch[24]                                MOS
m_synch[25]                                MOS
m_synch[26]                                MOS
m_synch[27]                                MOS
m_synch[28]                                MOS
m_synch[30]                                MOS
m_synch[31]                                MOS
m_synch[32]                                MOS
m_synch[33]                                MOS
m_synch[34]                                MOS
m_synch[35]                                MOS
m_synch[36]                                MOS
m_synch[37]                                MOS
m_synch[38]                                MOS
m_synch[39]                                MOS
m_synch[46]                                MOS
m_synch[47]                                MOS
m_synch[48]                                MOS
m_synch[49]                                MOS
m_synch[50]                                MOS
m_synch[51]                                MOS
m_synch[52]                                MOS
m_synch[53]                                MOS
m_synch[54]                                MOS
m_synch[55]                                MOS
m_synch[56]                                MOS
m_synch[57]                                MOS
m_synch[58]                                MOS
m_synch[59]                                MOS
m_synch[60]                                MOS
m_synch[61]                                MOS
m_synch[62]                                MOS
m_synch[63]                                MOS
m_synch[64]                                MOS
m_synch[65]                                MOS
m_synch[66]                                MOS
m_synch[67]                                MOS
m_synch[68]                                MOS
m_synch[69]                                MOS
m_synch[70]                                MOS
m_synch[71]                                MOS
m_synch[72]                                MOS
m_synch[73]                                MOS
m_synch[74]                                MOS
m_synch[75]                                MOS
m_synch[76]                                MOS
m_synch[77]                                MOS
m_synch[78]                                MOS
m_synch[79]                                MOS
m_synch[80]                                MOS
m_synch[81]                                MOS
m_synch[82]                                MOS
m_synch[83]                                MOS
m_synch[84]                                MOS
m_synch[85]                                MOS
m_synch[86]                                MOS
m_synch[87]                                MOS
m_synch[88]                                MOS
m_synch[89]                                MOS
m_synch[90]                                MOS
m_synch[91]                                MOS
m_synch[92]                                MOS
m_synch[93]                                MOS
m_synch[94]                                MOS
m_synch[95]                                MOS
m_synch[96]                                MOS
m_synch[97]                                MOS
m_synch[98]                                MOS
m_synch[99]                                MOS
m_synch[100]                                MOS
m_synch[101]                                MOS
m_synch[102]                                MOS
m_synch[103]                                MOS
m_synch[104]                                MOS
m_synch[105]                                MOS
m_synch[106]                                MOS
m_synch[107]                                MOS
m_synch[108]                                MOS
m_synch[109]                                MOS
m_synch[110]                                MOS
m_synch[111]                                MOS
m_synch[112]                                MOS
m_synch[113]                                MOS
m_synch[114]                                MOS
m_synch[115]                                MOS
m_synch[116]                                MOS
m_synch[117]                                MOS
m_synch[118]                                MOS
m_synch[119]                                MOS
m_synch[120]                                MOS
m_synch[121]                                MOS
m_synch[122]                                MOS
m_synch[123]                                MOS
m_synch[124]                                MOS
m_synch[125]                                MOS
m_synch[126]                                MOS
m_synch[127]                                MOS
m_synch[128]                                MOS
m_synch[129]                                MOS
m_synch[130]                                MOS
m_synch[131]                                MOS
m_synch[132]                                MOS
m_synch[133]                                MOS
m_synch[134]                                MOS
m_synch[135]                                MOS
m_synch[136]                                MOS
m_synch[137]                                MOS
m_synch[138]                                MOS
m_synch[139]                                MOS
m_synch[140]                                MOS
m_synch[141]                                MOS
m_synch[142]                                MOS
m_synch[143]                                MOS
m_synch[144]                                MOS
m_synch[145]                                MOS
m_synch[146]                                MOS
m_synch[147]                                MOS
m_synch[148]                                MOS
m_synch[149]                                MOS
m_synch[150]                                MOS
m_synch[151]                                MOS
m_synch[152]                                MOS
m_synch[153]                                MOS
m_synch[154]                                MOS
m_synch[155]                                MOS
m_synch[156]                                MOS
m_synch[157]                                MOS
m_synch[158]                                MOS
m_synch[159]                                MOS
m_synch[160]                                MOS
m_synch[161]                                MOS
m_synch[162]                                MOS
m_synch[163]                                MOS
m_synch[164]                                MOS
m_synch[165]                                MOS
m_synch[166]                                MOS
m_synch[167]                                MOS
m_synch[168]                                MOS
m_synch[169]                                MOS
m_synch[170]                                MOS
m_synch[171]                                MOS
m_synch[172]                                MOS
m_synch[173]                                MOS
m_synch[174]                                MOS
m_synch[175]                                MOS
m_synch[176]                                MOS
m_synch[177]                                MOS
#
m_synch[178]                                MOS
m_synch[179]                                MOS
m_synch[180]                                MOS
m_synch[181]                                MOS
m_synch[182]                                MOS
m_synch[183]                                MOS
m_synch[184]                                MOS
m_synch[185]                                MOS
m_synch[186]                                MOS
m_synch[187]                                MOS
m_synch[188]                                MOS
m_synch[189]                                MOS
m_synch[190]                                MOS
m_synch[191]                                MOS
m_synch[192]                                MOS
m_synch[193]                                MOS
m_synch[194]                                MOS
m_synch[195]                                MOS
m_synch[196]                                MOS
m_synch[197]                                MOS
m_synch[198]                                MOS
m_synch[199]                                MOS
m_synch[200]                                MOS
#
# Definition of "path to go", "time to go" for the 
# synchronization types MEP_SVS, MET_SVS
# ====================================================================
#m_pre_outp[96]                                   100000             ( P-CHAN-00070 : [0.1um] Path pre-output of M96  
#m_pre_outp[97]                                    40000             ( P-CHAN-00070 : [us] Time pre-output of M97 

#
# Examples for the definition of axis specific M functions
# ====================================================================
#m_default_outp_ax_name[0]                             X             ( P-CHAN-00039 : Forcing of axis specific processing of a M function (M0 on axis X)
#m_default_outp_ax_name[1]                             Y             ( P-CHAN-00039 : Forcing of axis specific processing of a M function (M1 on axis Y)
#m_default_outp_ax_name[10]                            S             ( P-CHAN-00039 : Forcing of axis specific processing of a M function (M10 on spindle S)
#m_default_outp_ax_name[11]                            S2            ( P-CHAN-00039 : Forcing of axis specific processing of a M function (M11 on spindle S2)
#m_default_outp_ax_name[12]                            Z             ( P-CHAN-00039 : Forcing of axis specific processing of a M function (M12 on axis Z)
#
# Definition of H functions and synchronization types
# ====================================================================
#h_synch[0]                                   0x00000001             ( P-CHAN-00027 : MOS for H0
#
# Definition of dimensional units and resolutions of axes
# ====================================================================
#mass_einh                                             0             ( P-CHAN-00054 : Dimensional unit for translatory axes (0: mm, 1: inch)   
#rund_mass_einh                                        0             ( P-CHAN-00079 : Dimensional unit for rotatory axes (0: degree, 1: new degree) 
#
#lin_aufloes                                           10000         ( P-CHAN-00034 : Resolution of linear axes 
#rund_aufloes                                          10000         ( P-CHAN-00078 : Resolution of rotary axes 
#spind_aufloes                                         10000         ( P-CHAN-00083 : Resolution of spindle axes
#
# Definition of external tool management
# ====================================================================
ext_wzv_vorhanden                                     0             ( P-CHAN-00016 : External tool management is available (e.g. in PLC)
t_info_to_wzv                                         0             ( P-CHAN-00087 : Inform external tool management about T command
einrechnen_mit_t                                      1             ( P-CHAN-00014 : D command is automatically executed with the same number of the T-command (No D command required)
#tool_life_to_wzv                                      0             ( P-CHAN-00076 : Transmit the tool life data to external tool management 
#
#kasto_residual_path                                   100           ( P-CHAN-00030 : [0.1um] Default residual path for edge banding (measurement)
#
messtyp                                               1             ( P-CHAN-00057 : Default measurement type
meas_pcs_value_no_probe_radius                        1             ( P-CHAN-00311
#
#versch_im_durchm                                      0             ( P-CHAN-00091 : Zero point offsets are acting in diameter (for face turning)
# 
mittelpkt_faktor                                      50            ( P-CHAN-00060 : [0.1%] Maximum relative centre point deviation 
mittelpkt_diff                                        20000         ( P-CHAN-00059 : [0.1um] Maximum center point offset
#
#p_param_haltend                                       0             ( P-CHAN-00067 : Main program modal effect of P parameters 
#
#einzelschrittmodus                                    0             ( P-CHAN-00015 : Single step operation mode (-1,0,1)
#
#wrk_im_kanal_vorhanden                                1             ( P-CHAN-00092 : Tool radius compensation (TRC) is present
#
#tool.synch                                            0x00000001    ( P-CHAN-00086 : MOS for Txx - Tools are synchronized with PLC
#tool.prozess_zeit                                     0             ( P-CHAN-00072 : [0.1us] Process time of the tool change (for simulation)
#tool.minimum_length                                   100000        ( P-CHAN-00156 : [0.1um] Minimum tool length (0: no check)
#tool.minimum_radius                                   10000         ( P-CHAN-00157 : [0.1um] Minimum tool radius (0: no check)
#
max_vb_override                                       1000          ( P-CHAN-00056 : [0.1%] Maximum channel override
#
use_drive_curr_limit                                  1             ( P-CHAN-00097 : Valid deceleration at feedhold (1: use deceleration set up in P-AXIS-00024)
#
#reset_no_axis_to_axv                                  1             ( P-CHAN-00075 : During reset all channel axes remain in channel
#
#move_tool_offsets_directly                            1             ( P-CHAN-00100 : Instant of time for including of tool compensation data into positions
#
rel_offset_limits_std_manual_mode                     0             ( P-CHAN-00100 : Consideration of relative offset limits with manual mode G200 (0: no consideration)
#
multi_dimension_in_block                              0             ( P-CHAN-00116 : Exclusivity of the G90/G91 programming in the same NC block (0: G90/G91 may be programmed only exclusively)
#
# Settings for syntax check
# ====================================================================
#syn_chk.fehler_pro_zeile                              2             ( P-CHAN-00020 : Number of errors after that it is switched to the next NC block
#syn_chk.fehler_gesamt                                 20            ( P-CHAN-00019 : Number of errors in a NC program after that decoding is aborted
#syn_chk.interaktiv                                    1             ( P-CHAN-00028 : Automatic continue (0), user signal expected (1)
#
# Settings for vector dynamic limits
# ====================================================================
#vector.velocity                                       1500          ( P-CHAN-00090 : [mm/min] Vector velocity limit 
#vector.acceleration                                   1800000       ( P-CHAN-00002 : [mm/min2] Vector acceleration limit 
#vector.deceleration                                   2000000       ( P-CHAN-00208 : [mm/min2] Vector deceleration limit 
#
# Settings for speed limit look ahead
# ====================================================================
#speed_limit_look_ahead.f_enable                       1             ( P-CHAN-00017 : Enable or disable functionality (0: disabled, 1: enabled)
#speed_limit_look_ahead.v_limit                        750           ( P-CHAN-00089 : [0.1%] Weighting of speed limit in percent of programmed speed
#speed_limit_look_ahead.f_time                         1             ( P-CHAN-00018 : Unit of following parameters time or path (0: path, 1: time)
#speed_limit_look_ahead.dist_to_corner                 50000         ( P-CHAN-00013 : [0.1um or us] Setting of signal depending on distance to corner 
#speed_limit_look_ahead.dist_from_corner               60000         ( P-CHAN-00090 : [0.1um or us] Resetting of signal depending on distance from corner 
#
# Path dependend dynamic weighting
# ====================================================================
#dynamic_weighting_active                              1             ( P-CHAN-00190 : Activation of dynamic weighting (0: not acive, 1: active )
#
#dynamic_weighting[0].path_limit                       10000         ( P-CHAN-00191 : [0.1um] Path distance limit (section 1)
#dynamic_weighting[0].velocity_fact                    10            ( P-CHAN-00192 : [0.1%] Weighting factor for rapid feed velocity
#dynamic_weighting[0].acceleration_fact                1000          ( P-CHAN-00193 : [0.1%] Weighting factor for rapid feed acceleration
#dynamic_weighting[0].ramp_time_fact                   1000          ( P-CHAN-00194 : [0.1%] Weighting factor for rapid feed ramp time
 
#dynamic_weighting[1].path_limit                       20000         ( P-CHAN-00191 : [0.1um] Path distance limit (section 2)
#dynamic_weighting[1].velocity_fact                    20            ( P-CHAN-00192 : [0.1%] Weighting factor for rapid feed velocity
#dynamic_weighting[1].acceleration_fact                950           ( P-CHAN-00193 : [0.1%] Weighting factor for rapid feed acceleration
#dynamic_weighting[1].ramp_time_fact                   1100          ( P-CHAN-00194 : [0.1%] Weighting factor for rapid feed ramp time

#dynamic_weighting[2].path_limit                       40000         ( P-CHAN-00191 : [0.1um] Path distance limit (section 3)
#dynamic_weighting[2].velocity_fact                    40            ( P-CHAN-00192 : [0.1%] Weighting factor for rapid feed velocity
#dynamic_weighting[2].acceleration_fact                900           ( P-CHAN-00193 : [0.1%] Weighting factor for rapid feed acceleration
#dynamic_weighting[2].ramp_time_fact                   1200          ( P-CHAN-00194 : [0.1%] Weighting factor for rapid feed ramp time

#dynamic_weighting[3].path_limit                       80000         ( P-CHAN-00191 : [0.1um] Path distance limit (section 4)
#dynamic_weighting[3].velocity_fact                    80            ( P-CHAN-00192 : [0.1%] Weighting factor for rapid feed velocity
#dynamic_weighting[3].acceleration_fact                850           ( P-CHAN-00193 : [0.1%] Weighting factor for rapid feed acceleration
#dynamic_weighting[3].ramp_time_fact                   1300          ( P-CHAN-00194 : [0.1%] Weighting factor for rapid feed ramp time

#dynamic_weighting[4].path_limit                       160000        ( P-CHAN-00191 : [0.1um] Path distance limit (section 5)
#dynamic_weighting[4].velocity_fact                    160           ( P-CHAN-00192 : [0.1%] Weighting factor for rapid feed velocity
#dynamic_weighting[4].acceleration_fact                800           ( P-CHAN-00193 : [0.1%] Weighting factor for rapid feed acceleration
#dynamic_weighting[4].ramp_time_fact                   1400          ( P-CHAN-00194 : [0.1%] Weighting factor for rapid feed ramp time

#dynamic_weighting[5].path_limit                       320000        ( P-CHAN-00191 : [0.1um] Path distance limit (section 6)
#dynamic_weighting[5].velocity_fact                    320           ( P-CHAN-00192 : [0.1%] Weighting factor for rapid feed velocity
#dynamic_weighting[5].acceleration_fact                750           ( P-CHAN-00193 : [0.1%] Weighting factor for rapid feed acceleration
#dynamic_weighting[5].ramp_time_fact                   1500          ( P-CHAN-00194 : [0.1%] Weighting factor for rapid feed ramp time
 
#dynamic_weighting[6].path_limit                       640000        ( P-CHAN-00191 : [0.1um] Path distance limit (section 7)
#dynamic_weighting[6].velocity_fact                    640           ( P-CHAN-00192 : [0.1%] Weighting factor for rapid feed velocity
#dynamic_weighting[6].acceleration_fact                700           ( P-CHAN-00193 : [0.1%] Weighting factor for rapid feed acceleration
#dynamic_weighting[6].ramp_time_fact                   2000          ( P-CHAN-00194 : [0.1%] Weighting factor for rapid feed ramp time

#dynamic_weighting[7].path_limit                       200000000    ( P-CHAN-00191 : [0.1um] Path distance limit (section 8)
#dynamic_weighting[7].velocity_fact                    1000         ( P-CHAN-00192 : [0.1%] Weighting factor for rapid feed velocity
#dynamic_weighting[7].acceleration_fact                650          ( P-CHAN-00193 : [0.1%] Weighting factor for rapid feed acceleration
#dynamic_weighting[7].ramp_time_fact                   4000         ( P-CHAN-00194 : [0.1%] Weighting factor for rapid feed ramp time
#
# Examples for the default settings after NC program start for G functions
# ========================================================================
#prog_start.g_gruppe[0].nr                             1      ( P-CHAN-00063 : G01  is default (group  0 - path preparatory: G00,G01,G02,G03)
#prog_start.g_gruppe[4].nr                            19      ( P-CHAN-00063 : G19  is default (group  4 - plane selection: G17,G18,G19)
#prog_start.g_gruppe[6].nr                            26      ( P-CHAN-00063 : G26  is default (group  6 - transition mode of TRC: G25,G26)
#prog_start.g_gruppe[8].nr                            51      ( P-CHAN-00063 : G51  is default (group  8 - diameter programming: G51,G52)
#prog_start.g_gruppe[12].nr                           71      ( P-CHAN-00063 : G71  is default (group 12 - unit: G70,G71)
#prog_start.g_gruppe[14].nr                           91      ( P-CHAN-00063 : G91  is default (group 14 - dimension: G90,G91)
#prog_start.g_gruppe[22].nr                          138      ( P-CHAN-00063 : G138 is default (group 22 - selection mode of TRC : G138,G139)
#prog_start.g_gruppe[23].nr                          162      ( P-CHAN-00063 : G162 is default (group 23 - circle center point programming: G161,G162)
#prog_start.g_gruppe[25].nr                          164      ( P-CHAN-00063 : G164 is default (group 25 - circle center point correction: G164,G165)
#
# Examples for the default settings after NC program start for spindle M functions
# ================================================================================
#prog_start.m_gruppe[0].nr                             3      ( P-CHAN-00064 : M3 is default spindle M function (M03,M04,M05)
prog_start.late_sync_ready                            1
#
# Examples for the default settings after NC program start for dynamic parameters
# ===============================================================================
#prog_start.feedrate                                   0      ( P-CHAN-00099 : [mm/min or m/min, depends on P-CHAN-00108] Default feedrate for G01,G02,G03 
prog_start.slope.profile                              3      ( P-CHAN-00071 : Type of acceleration profile (1: active jerk limitation)
#prog_start.slope.ramp_time                            2      ( P-CHAN-00073 : Effect of the ramp time weighting
#prog_start.slope.acceleration                         2      ( P-CHAN-00001 : Effect of the acceleration weighting 
#prog_start.feedrate_factor                            0.1    ( P-CHAN-00108 : Unit of the feedrate (0.1: m/min, 100: mm/min)
trans_limit_with_curvature                            2
#
# Settings for protocol log changes
# ===============================================================================
aep.output_mode                                       1      ( P-CHAN-00024 : Protocolling mode (1: protocolling through BF-own display fields and display fifos)
aep.p_parameter                                       0      ( P-CHAN-00068 : Protocolling of P parameters
aep.v_eigendef                                        0      ( P-CHAN-00088 : Protocolling of self defined variables
aep.wz_daten                                          0      ( P-CHAN-00093 : Protocolling of tool data
#
aep.g_gruppe[0]                                       1      ( P-CHAN-00022 : AEP group 0  (G00,G01,G02,G03,G04,G33,G63,G74,G98,G99,G301,G302,G160)
aep.g_gruppe[1]                                       0      ( P-CHAN-00022 : AEP group 1  (G08,G193)
aep.g_gruppe[2]                                       0      ( P-CHAN-00022 : AEP group 2  (G09,G900,G901)
aep.g_gruppe[3]                                       0      ( P-CHAN-00022 : AEP group 3  (G10,G11)
aep.g_gruppe[4]                                       1      ( P-CHAN-00022 : AEP group 4  (G17,G18,G19)
aep.g_gruppe[5]                                       1      ( P-CHAN-00022 : AEP group 5  (G20,G21,G22,G23,G24,G351)
aep.g_gruppe[6]                                       0      ( P-CHAN-00022 : AEP group 6  (G25,G26)
aep.g_gruppe[7]                                       1      ( P-CHAN-00022 : AEP group 7  (G40,G41,G42)
aep.g_gruppe[8]                                       1      ( P-CHAN-00022 : AEP group 8  (G51,G52)     
aep.g_gruppe[9]                                       1      ( P-CHAN-00022 : AEP group 9  (G53-G59,G159)
aep.g_gruppe[10]                                      1      ( P-CHAN-00022 : AEP group 10 (G60,G359,G360,G61,G260,G261)
aep.g_gruppe[11]                                      0      ( P-CHAN-00022 : AEP group 11 (G166)
aep.g_gruppe[12]                                      0      ( P-CHAN-00022 : AEP group 12 (G70,G71)
aep.g_gruppe[13]                                      0      ( P-CHAN-00022 : AEP group 13 (G80-G89,G800-G819)
aep.g_gruppe[14]                                      1      ( P-CHAN-00022 : AEP group 14 (G90,G91)
aep.g_gruppe[15]                                      1      ( P-CHAN-00022 : AEP group 15 (G92)
aep.g_gruppe[16]                                      0      ( P-CHAN-00022 : AEP group 16 (G93,G94,G95,G194)
aep.g_gruppe[17]                                      0      ( P-CHAN-00022 : AEP group 17 (G96,G97,G196)         
aep.g_gruppe[18]                                      1      ( P-CHAN-00022 : AEP group 18 (G112)
aep.g_gruppe[19]                                      0      ( P-CHAN-00022 : AEP group 19 (G115,G116,G117)
aep.g_gruppe[20]                                      0      ( P-CHAN-00022 : AEP group 20 (G130,G131)
aep.g_gruppe[21]                                      0      ( P-CHAN-00022 : AEP group 21 (G135,G136,G137)
aep.g_gruppe[22]                                      0      ( P-CHAN-00022 : AEP group 22 (G05,G138,G139,G237,G238,G239)
aep.g_gruppe[23]                                      0      ( P-CHAN-00022 : AEP group 23 (G161,G162)
aep.g_gruppe[24]                                      0      ( P-CHAN-00022 : AEP group 24 (G163)
aep.g_gruppe[25]                                      0      ( P-CHAN-00022 : AEP group 25 (G164,G165)
aep.g_gruppe[26]                                      1      ( P-CHAN-00022 : AEP group 26 (G200,G201,G202)
aep.g_gruppe[27]                                      1      ( P-CHAN-00022 : AEP group 27 (NOT AVAILABLE)
aep.g_gruppe[28]                                      0      ( P-CHAN-00022 : AEP group 28 (G132,G133,G134)
aep.g_gruppe[29]                                      1      ( P-CHAN-00022 : AEP group 29 (G150,G151)
aep.g_gruppe[30]                                      1      ( P-CHAN-00022 : AEP group 30 (G100,G101,G102,G106,G107,G108)
aep.g_gruppe[31]                                      1      ( P-CHAN-00022 : AEP group 31 (G12,G13)
aep.g_gruppe[32]                                      0      ( P-CHAN-00022 : AEP group 32 (G140,G141)
aep.g_gruppe[33]                                      0      ( P-CHAN-00022 : AEP group 33 (NOT AVAILABLE)
aep.g_gruppe[34]                                      0      ( P-CHAN-00022 : AEP group 34 (G310)
aep.g_gruppe[35]                                      0      ( P-CHAN-00022 : AEP group 35 (G167)
aep.g_gruppe[36]                                      0      ( P-CHAN-00022 : AEP group 36 (NOT AVAILABLE) 
aep.g_gruppe[37]                                      0      ( P-CHAN-00022 : AEP group 37 (G129)
#
# Definition of symbolic character strings (macros)
# =======================================================
#makro_def[0].symbol                           SYMBOL_0       ( P-CHAN-00057 : Macro name in NC program )
#makro_def[0].nc_code                            CODE_0       ( P-CHAN-00062 : Related NC code to be replaced )
#makro_def[1].symbol                           SYMBOL_1       ( P-CHAN-00057 : Macro name in NC program )
#makro_def[1].nc_code                            CODE_1       ( P-CHAN-00062 : Related NC code to be replaced )
#
#
streaming_prog_file                         streaming.NC
#
#
# Definition kinematic data
# =======================================================
#
# All kinematic parameters (kinematik[i].param[j]) in [0.1um]
#
simu_output_wcs                             0
simu_ignore_internal_stop_cond              1
#
g00_override_mode                           ACTIVE_EXTENDED
override_v_handwheel                        1
suppress_workspace_monitoring_manual_mode   1
#
hli_input_disable_condition                 NEXT_NON_RAPID_BLOCK
no_init_prog_start                          1
#
Ende
